[2016-03-08 09:28:04] START
[2016-03-08 09:29:15] CREATE db0.py: 0
[2016-03-08 10:39:22] EDIT datos/models/db0.py: 5
[2016-03-08 10:40:52] EDIT datos/models/db0.py: 0
[2016-03-08 10:46:38] EDIT datos/models/db0.py: 0
[2016-03-08 10:47:08] CREATE db1.py: 0
[2016-03-08 11:45:39] EDIT datos/models/db1.py: 34
[2016-03-08 11:45:53] EDIT datos/models/db1.py: 0
[2016-03-08 11:47:58] EDIT datos/models/db1.py: 0
[2016-03-08 11:50:06] EDIT datos/models/db1.py: -20
[2016-03-08 11:50:28] EDIT datos/models/db0.py: 0
[2016-03-08 11:51:17] EDIT datos/models/db1.py: 0
[2016-03-08 11:52:46] EDIT datos/models/db1.py: 0
[2016-03-08 11:54:03] EDIT datos/models/db1.py: 0
[2016-03-08 12:07:34] EDIT datos/models/db.py: 0
[2016-03-08 12:10:21] EDIT datos/models/db.py: 0
[2016-03-08 12:10:59] EDIT datos/models/db1.py: 0
[2016-03-08 12:11:01] EDIT datos/models/db1.py: 0
[2016-03-08 12:12:01] EDIT datos/models/db1.py: 0
[2016-03-08 12:12:33] EDIT datos/models/db1.py: 0
[2016-03-08 12:13:13] EDIT datos/models/db1.py: 0
[2016-03-08 12:16:12] EDIT datos/models/db1.py: 0
[2016-03-08 12:16:13] EDIT datos/models/db1.py: 0
[2016-03-08 12:37:24] EDIT datos/models/db0.py: 1
[2016-03-08 12:39:25] EDIT datos/models/db0.py: 1
[2016-03-08 12:39:57] EDIT datos/models/db0.py: 0
[2016-03-08 12:40:12] EDIT datos/models/db0.py: 0
[2016-03-08 12:40:39] EDIT datos/models/db1.py: 6
[2016-03-08 12:41:24] EDIT datos/models/db1.py: 0
[2016-03-08 12:48:17] EDIT datos/models/db0.py: 0
[2016-03-08 12:50:02] EDIT datos/models/db1.py: 0
[2016-03-08 12:51:01] EDIT datos/models/db1.py: 0
[2016-03-08 12:51:02] EDIT datos/models/db1.py: 0
[2016-03-08 12:53:16] EDIT datos/models/db1.py: 0
[2016-03-08 12:53:16] EDIT datos/models/db1.py: 0
[2016-03-08 12:53:17] EDIT datos/models/db1.py: 0
[2016-03-08 12:53:25] EDIT datos/models/db0.py: 0
[2016-03-08 12:53:40] EDIT datos/models/db1.py: 0
[2016-03-08 12:54:36] EDIT datos/models/db1.py: 0
[2016-03-08 12:55:15] EDIT datos/models/db1.py: 0
[2016-03-08 12:55:15] EDIT datos/models/db1.py: 0
[2016-03-08 13:53:23] EDIT datos/models/db0.py: 0
[2016-03-08 13:53:41] EDIT datos/models/db0.py: 0
[2016-03-08 13:54:48] EDIT datos/models/db1.py: 0
[2016-03-08 14:04:26] EDIT datos/models/db1.py: 7
[2016-03-08 14:05:31] EDIT datos/models/db0.py: 0
[2016-03-08 14:05:55] EDIT datos/models/db0.py: 0
[2016-03-08 14:05:56] EDIT datos/models/db0.py: 0
[2016-03-08 14:06:32] EDIT datos/models/db1.py: 0
[2016-03-08 14:06:33] EDIT datos/models/db1.py: 0
[2016-03-08 14:09:20] EDIT datos/models/db1.py: 0
[2016-03-08 14:12:21] EDIT datos/models/db1.py: 0
[2016-03-08 14:14:12] EDIT datos/models/db1.py: 0
[2016-03-08 14:15:46] EDIT datos/models/db1.py: 0
[2016-03-08 14:15:51] EDIT datos/models/db1.py: 0
[2016-03-08 14:16:39] EDIT datos/models/db1.py: 0
[2016-03-08 14:16:43] EDIT datos/models/db1.py: 0
[2016-03-08 14:16:50] EDIT datos/models/db1.py: 0
[2016-03-08 14:16:50] EDIT datos/models/db1.py: 0
[2016-03-08 14:17:26] EDIT datos/models/db1.py: -7
[2016-03-08 14:17:48] EDIT datos/models/db1.py: 5
[2016-03-08 14:19:32] EDIT datos/models/db1.py: -3
[2016-03-08 14:19:53] EDIT datos/models/db1.py: 0
[2016-03-08 14:19:54] EDIT datos/models/db1.py: 0
[2016-03-08 14:20:15] EDIT datos/models/db1.py: 0
[2016-03-08 14:20:23] EDIT datos/models/db1.py: 0
[2016-03-08 14:21:05] EDIT datos/models/db1.py: 0
[2016-03-08 14:22:10] EDIT datos/models/db1.py: 0
[2016-03-08 14:24:12] EDIT datos/models/db1.py: 5
[2016-03-08 14:25:16] EDIT datos/models/db1.py: 0
[2016-03-08 14:25:36] EDIT datos/models/db1.py: 0
[2016-03-08 14:25:44] EDIT datos/models/db1.py: 0
[2016-03-08 14:27:18] EDIT datos/models/db1.py: 0
[2016-03-08 14:27:18] EDIT datos/models/db1.py: 0
[2016-03-08 14:31:09] EDIT datos/models/db1.py: 0
[2016-03-08 14:31:33] EDIT datos/models/db1.py: 0
[2016-03-08 14:31:50] EDIT datos/models/db1.py: 0
[2016-03-08 14:32:48] EDIT datos/models/db1.py: 0
[2016-03-08 14:32:48] EDIT datos/models/db1.py: 0
[2016-03-08 14:37:16] EDIT datos/models/db1.py: 7
[2016-03-08 14:37:16] EDIT datos/models/db1.py: 0
[2016-03-08 14:38:26] EDIT datos/models/db1.py: 0
[2016-03-08 14:38:41] EDIT datos/models/db1.py: 0
[2016-03-08 14:38:58] EDIT datos/models/db1.py: 0
[2016-03-08 14:38:58] EDIT datos/models/db1.py: 0
[2016-03-08 14:39:39] EDIT datos/models/db1.py: 0
[2016-03-08 14:40:24] EDIT datos/models/db1.py: 0
[2016-03-08 14:41:36] EDIT datos/models/db1.py: 0
[2016-03-08 14:42:07] EDIT datos/models/db1.py: 0
[2016-03-08 14:42:09] EDIT datos/models/db1.py: 0
[2016-03-08 14:42:17] EDIT datos/models/db1.py: 0
[2016-03-08 14:42:18] EDIT datos/models/db1.py: 0
[2016-03-08 14:42:19] EDIT datos/models/db1.py: 0
[2016-03-08 14:42:28] EDIT datos/models/db1.py: 0
[2016-03-08 14:42:29] EDIT datos/models/db1.py: 0
[2016-03-08 14:42:46] EDIT datos/models/db1.py: 0
[2016-03-08 14:42:47] EDIT datos/models/db1.py: 0
[2016-03-08 14:44:00] EDIT datos/models/db1.py: 0
[2016-03-08 14:44:52] EDIT datos/models/db1.py: 0
[2016-03-08 14:45:13] EDIT datos/models/db1.py: 0
[2016-03-08 14:46:14] EDIT datos/models/db0.py: 0
[2016-03-08 14:46:15] EDIT datos/models/db0.py: 0
[2016-03-08 14:49:54] EDIT datos/controllers/default.py: -6
[2016-03-08 14:49:54] EDIT datos/controllers/default.py: 0
[2016-03-08 14:50:01] EDIT datos/controllers/default.py: 0
[2016-03-08 14:51:27] EDIT datos/views/default/index.html: -45
[2016-03-08 14:52:10] EDIT datos/views/default/index.html: 0
[2016-03-08 14:52:19] EDIT datos/views/default/index.html: 1
[2016-03-08 14:52:36] EDIT datos/controllers/default.py: 0
[2016-03-08 14:52:39] EDIT datos/views/default/index.html: 0
[2016-03-08 15:35:19] EDIT datos/models/db1.py: 0
[2016-03-08 15:35:41] EDIT datos/models/db1.py: 0
[2016-03-08 15:40:01] EDIT datos/models/menu.py: 0
[2016-03-08 17:22:07] EDIT datos/controllers/default.py: 6
[2016-03-08 17:23:09] EDIT datos/controllers/default.py: 0
[2016-03-08 17:23:10] EDIT datos/controllers/default.py: 0
[2016-03-08 17:24:17] CREATE default/registercourse.html: 0
[2016-03-08 17:25:27] EDIT datos/views/default/registercourse.html: 2
[2016-03-08 17:26:49] EDIT datos/models/menu.py: 1
[2016-03-08 17:26:50] EDIT datos/models/menu.py: 0
[2016-03-08 17:27:34] EDIT datos/models/menu.py: 0
[2016-03-08 17:28:49] EDIT datos/models/menu.py: 0
[2016-03-08 17:34:09] EDIT datos/controllers/default.py: 0
[2016-03-08 17:35:42] EDIT datos/controllers/default.py: 1
[2016-03-08 17:36:08] EDIT datos/models/db1.py: 0
[2016-03-08 17:36:36] EDIT datos/models/db1.py: 0
[2016-03-08 17:36:46] EDIT datos/models/db1.py: 0
[2016-03-08 17:36:47] EDIT datos/models/db1.py: 0
[2016-03-08 17:43:21] EDIT datos/models/menu.py: 1
[2016-03-08 17:43:21] EDIT datos/models/menu.py: 0
[2016-03-08 17:43:54] EDIT datos/models/menu.py: 0
[2016-03-08 17:44:30] EDIT datos/models/menu.py: 0
[2016-03-08 18:00:19] EDIT datos/controllers/default.py: 7
[2016-03-08 18:00:31] EDIT datos/controllers/default.py: 0
[2016-03-08 18:00:34] EDIT datos/controllers/default.py: 0
[2016-03-08 18:00:50] EDIT datos/models/menu.py: 1
[2016-03-08 18:01:23] CREATE default/registerteacher.html: 0
[2016-03-08 18:01:50] EDIT datos/views/default/registerteacher.html: 2
[2016-03-08 18:02:29] EDIT datos/models/menu.py: 0
[2016-03-08 18:06:59] EDIT datos/controllers/default.py: 0
[2016-03-08 18:07:19] EDIT datos/controllers/default.py: 0
[2016-03-08 18:07:50] EDIT datos/models/db1.py: 1
[2016-03-08 18:08:53] EDIT datos/models/db1.py: 3
[2016-03-08 18:09:08] EDIT datos/models/db1.py: 1
[2016-03-08 18:09:39] EDIT datos/models/menu.py: 0
[2016-03-08 18:10:02] EDIT datos/models/menu.py: 0
[2016-03-08 18:11:50] EDIT datos/controllers/default.py: 0
[2016-03-08 18:16:34] EDIT datos/controllers/default.py: 0
[2016-03-08 18:16:52] EDIT datos/controllers/default.py: 1
[2016-03-08 18:16:56] EDIT datos/controllers/default.py: 0
[2016-03-08 19:15:54] EDIT datos/controllers/default.py: 2
[2016-03-08 19:16:04] EDIT datos/controllers/default.py: -3
[2016-03-08 19:23:29] EDIT datos/views/default/registerteacher.html: 8
[2016-03-08 19:24:46] EDIT datos/controllers/default.py: 0
[2016-03-08 19:24:51] EDIT datos/models/menu.py: 0
[2016-03-08 19:24:55] EDIT datos/views/default/registerteacher.html: 0
[2016-03-08 19:24:58] EDIT datos/views/default/registercourse.html: 0
[2016-03-08 19:25:00] EDIT datos/models/db0.py: 0
[2016-03-08 19:25:02] EDIT datos/views/default/index.html: 0
[2016-03-08 19:25:04] EDIT datos/views/default/index.html: 0
[2016-03-08 19:25:06] EDIT datos/models/db1.py: 0
[2016-03-08 19:25:08] EDIT datos/controllers/default.py: 0
[2016-03-08 19:26:49] EDIT datos/views/default/registerteacher.html: -6
[2016-03-08 19:33:06] EDIT datos/controllers/default.py: 0
[2016-03-08 19:33:08] EDIT datos/controllers/default.py: 0
[2016-03-08 19:33:19] EDIT datos/controllers/default.py: 0
[2016-03-08 19:33:20] EDIT datos/controllers/default.py: 0
[2016-03-08 19:33:54] EDIT datos/controllers/default.py: 1
[2016-03-08 19:34:36] EDIT datos/controllers/default.py: -2
[2016-03-08 19:35:30] EDIT datos/controllers/default.py: 1
[2016-03-08 19:35:31] EDIT datos/controllers/default.py: 0
[2016-03-08 19:36:15] EDIT datos/controllers/default.py: 0
[2016-03-08 19:36:15] EDIT datos/controllers/default.py: 0
[2016-03-08 19:39:52] EDIT datos/controllers/default.py: -1
[2016-03-08 19:42:28] EDIT datos/controllers/default.py: 3
[2016-03-08 19:42:28] EDIT datos/controllers/default.py: 0
[2016-03-08 19:43:23] EDIT datos/views/default/registerteacher.html: 0
[2016-03-08 19:43:30] EDIT datos/controllers/default.py: 0
[2016-03-08 19:43:30] EDIT datos/controllers/default.py: 0
[2016-03-08 19:44:37] EDIT datos/controllers/default.py: 0
[2016-03-08 19:44:37] EDIT datos/controllers/default.py: 0
[2016-03-08 19:45:21] EDIT datos/controllers/default.py: 0
[2016-03-08 19:59:10] EDIT datos/controllers/default.py: 0
[2016-03-08 20:00:07] EDIT datos/controllers/default.py: 0
[2016-03-08 20:00:07] EDIT datos/controllers/default.py: 0
[2016-03-08 20:01:41] EDIT datos/controllers/default.py: 0
[2016-03-08 20:01:42] EDIT datos/controllers/default.py: 0
[2016-03-08 20:02:20] EDIT datos/controllers/default.py: 0
[2016-03-08 20:02:23] EDIT datos/controllers/default.py: 0
[2016-03-08 20:02:24] EDIT datos/controllers/default.py: 0
[2016-03-08 20:09:46] EDIT datos/controllers/default.py: 0
[2016-03-08 20:09:47] EDIT datos/controllers/default.py: 0
[2016-03-08 20:09:53] EDIT datos/controllers/default.py: 0
[2016-03-08 20:09:56] EDIT datos/controllers/default.py: 0
[2016-03-08 20:12:47] EDIT datos/views/default/registerteacher.html: 8
[2016-03-08 20:12:48] EDIT datos/views/default/registerteacher.html: 0
[2016-03-08 20:12:53] EDIT datos/views/default/registerteacher.html: 0
[2016-03-08 20:12:54] EDIT datos/views/default/registerteacher.html: 0
[2016-03-08 20:13:17] EDIT datos/controllers/default.py: 0
[2016-03-08 20:13:18] EDIT datos/controllers/default.py: 0
[2016-03-08 20:17:48] EDIT datos/views/default/registerteacher.html: -1
[2016-03-08 20:17:49] EDIT datos/views/default/registerteacher.html: 0
[2016-03-08 20:17:50] EDIT datos/views/default/registerteacher.html: 0
[2016-03-08 20:18:12] EDIT datos/views/default/registerteacher.html: 0
[2016-03-08 20:18:13] EDIT datos/views/default/registerteacher.html: 0
[2016-03-08 21:50:55] EDIT datos/controllers/default.py: 4
[2016-03-08 21:51:36] EDIT datos/controllers/default.py: 1
[2016-03-08 21:52:56] CREATE default/teachermodified.html: 0
[2016-03-08 21:54:29] EDIT datos/views/default/teachermodified.html: 4
[2016-03-08 21:54:49] EDIT datos/views/default/registerteacher.html: -3
[2016-03-08 21:54:51] EDIT datos/controllers/default.py: 0
[2016-03-08 21:54:54] EDIT datos/models/db1.py: 0
[2016-03-08 21:55:51] EDIT datos/views/default/registerteacher.html: 0
[2016-03-08 21:55:52] EDIT datos/views/default/registerteacher.html: 0
[2016-03-09 09:39:28] EDIT datos/private/appconfig.ini: 0
[2016-03-09 09:41:02] EDIT datos/models/db1.py: 0
[2016-03-09 09:41:03] EDIT datos/models/db1.py: 0
[2016-03-09 09:55:22] EDIT datos/views/default/registerteacher.html: 0
[2016-03-09 09:55:23] EDIT datos/views/default/registerteacher.html: 0
[2016-03-09 10:00:22] EDIT datos/views/default/registerteacher.html: 1
[2016-03-09 10:00:49] EDIT datos/controllers/default.py: 0
[2016-03-09 10:02:39] EDIT datos/controllers/default.py: 0
[2016-03-09 10:05:52] EDIT datos/views/default/teachermodified.html: 0
[2016-03-09 10:05:57] EDIT datos/views/default/registerteacher.html: 0
[2016-03-09 10:06:00] EDIT datos/controllers/default.py: 0
[2016-03-09 10:07:18] CREATE default/register_course.html: 0
[2016-03-09 10:07:31] EDIT datos/views/default/register_course.html: 0
[2016-03-09 10:08:07] EDIT datos/views/default/register_course.html: 2
[2016-03-09 10:08:08] EDIT datos/views/default/register_course.html: 0
[2016-03-09 10:08:20] EDIT datos/views/default/register_course.html: 0
[2016-03-09 10:10:44] CREATE default/register_teacher.html: 0
[2016-03-09 10:10:50] EDIT datos/views/default/register_teacher.html: 9
[2016-03-09 10:11:09] CREATE default/agree_teacher.html: 0
[2016-03-09 10:11:14] EDIT datos/views/default/agree_teacher.html: 9
[2016-03-09 10:12:07] EDIT datos/views/default/agree_teacher.html: -1
[2016-03-09 10:12:08] EDIT datos/views/default/agree_teacher.html: 0
[2016-03-09 10:12:52] DELETE datos/views/default/registercourse.html: -5
[2016-03-09 10:13:04] DELETE datos/views/default/register_teacher.html: -12
[2016-03-09 10:13:57] CREATE default/show_teacher.html: 0
[2016-03-09 10:14:01] EDIT datos/views/default/show_teacher.html: 4
[2016-03-09 10:14:28] DELETE datos/views/default/teachermodified.html: -7
[2016-03-09 10:14:35] DELETE datos/views/default/registerteacher.html: -12
[2016-03-09 10:14:46] EDIT datos/views/default/show_teacher.html: 0
[2016-03-09 10:16:53] EDIT datos/controllers/default.py: 0
[2016-03-09 10:16:53] EDIT datos/controllers/default.py: 0
[2016-03-09 10:18:05] EDIT datos/controllers/default.py: 0
[2016-03-09 10:18:06] EDIT datos/controllers/default.py: 0
[2016-03-09 10:18:37] EDIT datos/views/default/show_teacher.html: -2
[2016-03-09 10:18:52] EDIT datos/views/default/show_teacher.html: 0
[2016-03-09 10:18:52] EDIT datos/views/default/show_teacher.html: 0
[2016-03-09 10:19:23] EDIT datos/controllers/default.py: 0
[2016-03-09 10:20:17] EDIT datos/controllers/default.py: 0
[2016-03-09 10:20:17] EDIT datos/controllers/default.py: 0
[2016-03-09 10:20:46] EDIT datos/controllers/default.py: 0
[2016-03-09 10:20:46] EDIT datos/controllers/default.py: 0
[2016-03-09 10:20:46] EDIT datos/controllers/default.py: 0
[2016-03-09 10:23:18] EDIT datos/controllers/default.py: 2
[2016-03-09 10:23:19] EDIT datos/controllers/default.py: 0
[2016-03-09 10:29:31] EDIT datos/views/default/show_teacher.html: 3
[2016-03-09 10:29:55] EDIT datos/controllers/default.py: 0
[2016-03-09 10:29:56] EDIT datos/controllers/default.py: 0
[2016-03-09 10:31:15] EDIT datos/views/default/show_teacher.html: -1
[2016-03-09 10:31:16] EDIT datos/views/default/show_teacher.html: 0
[2016-03-09 10:34:48] EDIT datos/views/default/show_teacher.html: 1
[2016-03-09 10:54:51] EDIT datos/controllers/default.py: 0
[2016-03-09 10:56:53] EDIT datos/controllers/default.py: 4
[2016-03-09 10:57:00] EDIT datos/controllers/default.py: 0
[2016-03-09 10:57:17] EDIT datos/views/default/show_teacher.html: 1
[2016-03-09 10:57:17] EDIT datos/views/default/show_teacher.html: 0
[2016-03-09 10:58:45] EDIT datos/controllers/default.py: 0
[2016-03-09 10:58:46] EDIT datos/controllers/default.py: 0
[2016-03-09 11:01:20] EDIT datos/controllers/default.py: 0
[2016-03-09 11:01:21] EDIT datos/controllers/default.py: 0
[2016-03-10 19:59:25] EDIT datos/models/db1.py: 0
[2016-03-10 19:59:26] EDIT datos/models/db1.py: 0
[2016-03-10 20:12:31] EDIT datos/controllers/default.py: 2
[2016-03-10 20:12:54] EDIT datos/views/default/show_teacher.html: 0
[2016-03-10 20:13:20] EDIT datos/views/default/show_teacher.html: 0
[2016-03-10 20:17:14] EDIT datos/controllers/default.py: 0
[2016-03-10 20:17:15] EDIT datos/controllers/default.py: 0
[2016-03-10 20:17:24] EDIT datos/controllers/default.py: 0
[2016-03-10 20:17:24] EDIT datos/controllers/default.py: 0
[2016-03-10 20:18:35] EDIT datos/controllers/default.py: 1
[2016-03-10 20:18:37] EDIT datos/controllers/default.py: 0
[2016-03-10 20:18:37] EDIT datos/controllers/default.py: 0
[2016-03-10 20:18:44] EDIT datos/controllers/default.py: 0
[2016-03-10 20:19:16] EDIT datos/controllers/default.py: 0
[2016-03-10 20:19:55] EDIT datos/controllers/default.py: 0
[2016-03-10 20:20:32] EDIT datos/views/default/show_teacher.html: 0
[2016-03-10 20:23:26] EDIT datos/controllers/default.py: 1
[2016-03-10 20:23:27] EDIT datos/controllers/default.py: 0
[2016-03-10 20:23:32] EDIT datos/controllers/default.py: 0
[2016-03-10 20:26:38] EDIT datos/controllers/default.py: -1
[2016-03-10 20:26:39] EDIT datos/controllers/default.py: 0
[2016-03-10 20:28:30] EDIT datos/controllers/default.py: 2
[2016-03-10 20:28:31] EDIT datos/controllers/default.py: 0
[2016-03-10 20:33:32] EDIT datos/views/default/show_teacher.html: 1
[2016-03-10 20:36:40] EDIT datos/controllers/default.py: 1
[2016-03-10 20:36:41] EDIT datos/controllers/default.py: 0
[2016-03-10 20:38:47] EDIT datos/controllers/default.py: 0
[2016-03-10 20:38:47] EDIT datos/controllers/default.py: 0
[2016-03-17 00:11:08] EDIT datos/models/db0.py: 0
[2016-03-17 00:11:27] EDIT datos/models/db0.py: 0
[2016-03-17 00:15:34] EDIT datos/models/db0.py: 0
[2016-03-17 00:17:29] CREATE encendido.py: 0
[2016-03-17 00:17:46] EDIT datos/controllers/encendido.py: 37
[2016-03-17 00:18:28] EDIT datos/controllers/default.py: 0
[2016-03-17 00:18:32] EDIT datos/controllers/encendido.py: 0
[2016-03-17 00:23:16] EDIT datos/models/menu.py: 5
[2016-03-17 00:24:30] EDIT datos/models/menu.py: 0
[2016-03-17 00:24:35] EDIT datos/models/menu.py: 0
[2016-03-18 11:33:51] EDIT datos/models/db0.py: 0
[2016-03-18 11:33:51] EDIT datos/models/db0.py: 0
[2016-03-18 11:35:11] EDIT datos/models/db0.py: 0
[2016-03-18 11:35:12] EDIT datos/models/db0.py: 0
